<?xml version="1.0" encoding="UTF-8"?>
<testsuite name="CDAccountTest" tests="1" skipped="0" failures="0" errors="0" timestamp="2023-05-04T22:26:51" hostname="DESKTOP-SUOD9VN" time="0.001">
  <properties/>
  <testcase name="balance_is_value_supplied()" classname="CDAccountTest" time="0.001"/>
  <system-out><![CDATA[]]></system-out>
  <system-err><![CDATA[]]></system-err>
</testsuite>
